<?xml version="1.0" encoding="UTF-8"?>
<testng-results ignored="0" total="4" passed="4" failed="0" skipped="0">
  <reporter-output>
  </reporter-output>
  <suite started-at="2025-02-15T03:27:53 WIB" name="Calculator Suite Test" finished-at="2025-02-15T03:28:48 WIB" duration-ms="55388">
    <groups>
      <group name="cucumber">
        <method signature="AbstractTestNGCucumberTests.runScenario(io.cucumber.testng.PickleWrapper,io.cucumber.testng.FeatureWrapper)[pri:0, instance:com.calculator2.appium.runners.RunnerTest@692f203f]" name="runScenario" class="io.cucumber.testng.AbstractTestNGCucumberTests"/>
      </group> <!-- cucumber -->
    </groups>
    <test started-at="2025-02-15T03:27:53 WIB" name="Calculator Test" finished-at="2025-02-15T03:28:48 WIB" duration-ms="55388">
      <class name="com.calculator2.appium.runners.RunnerTest">
        <test-method is-config="true" signature="setUpClass(org.testng.ITestContext)[pri:0, instance:com.calculator2.appium.runners.RunnerTest@692f203f]" started-at="2025-02-15T03:27:53 WIB" name="setUpClass" finished-at="2025-02-15T03:28:09 WIB" duration-ms="15535" status="PASS">
          <params>
            <param index="0">
              <value>
                <![CDATA[org.testng.TestRunner@e01a26b]]>
              </value>
            </param>
          </params>
          <reporter-output>
          </reporter-output>
        </test-method> <!-- setUpClass -->
        <test-method signature="runScenario(io.cucumber.testng.PickleWrapper,io.cucumber.testng.FeatureWrapper)[pri:0, instance:com.calculator2.appium.runners.RunnerTest@692f203f]" started-at="2025-02-15T03:28:09 WIB" name="runScenario" description="Runs Cucumber Scenarios" data-provider="scenarios" finished-at="2025-02-15T03:28:20 WIB" duration-ms="11241" status="PASS">
          <params>
            <param index="0">
              <value>
                <![CDATA["Hitung Penjumlahan Sederhana"]]>
              </value>
            </param>
            <param index="1">
              <value>
                <![CDATA["Calculator Realme"]]>
              </value>
            </param>
          </params>
          <reporter-output>
          </reporter-output>
        </test-method> <!-- runScenario -->
        <test-method signature="runScenario(io.cucumber.testng.PickleWrapper,io.cucumber.testng.FeatureWrapper)[pri:0, instance:com.calculator2.appium.runners.RunnerTest@692f203f]" started-at="2025-02-15T03:28:20 WIB" name="runScenario" description="Runs Cucumber Scenarios" data-provider="scenarios" finished-at="2025-02-15T03:28:25 WIB" duration-ms="5540" status="PASS">
          <params>
            <param index="0">
              <value>
                <![CDATA["Hitung Penjumlahan Sederhana"]]>
              </value>
            </param>
            <param index="1">
              <value>
                <![CDATA["Calculator Realme"]]>
              </value>
            </param>
          </params>
          <reporter-output>
          </reporter-output>
        </test-method> <!-- runScenario -->
        <test-method signature="runScenario(io.cucumber.testng.PickleWrapper,io.cucumber.testng.FeatureWrapper)[pri:0, instance:com.calculator2.appium.runners.RunnerTest@692f203f]" started-at="2025-02-15T03:28:25 WIB" name="runScenario" description="Runs Cucumber Scenarios" data-provider="scenarios" finished-at="2025-02-15T03:28:33 WIB" duration-ms="7925" status="PASS">
          <params>
            <param index="0">
              <value>
                <![CDATA["Hitung Penjumlahan Sederhana"]]>
              </value>
            </param>
            <param index="1">
              <value>
                <![CDATA["Calculator Realme"]]>
              </value>
            </param>
          </params>
          <reporter-output>
          </reporter-output>
        </test-method> <!-- runScenario -->
        <test-method signature="runScenario(io.cucumber.testng.PickleWrapper,io.cucumber.testng.FeatureWrapper)[pri:0, instance:com.calculator2.appium.runners.RunnerTest@692f203f]" started-at="2025-02-15T03:28:33 WIB" name="runScenario" description="Runs Cucumber Scenarios" data-provider="scenarios" finished-at="2025-02-15T03:28:42 WIB" duration-ms="8884" status="PASS">
          <params>
            <param index="0">
              <value>
                <![CDATA["Hitung Penjumlahan Sederhana"]]>
              </value>
            </param>
            <param index="1">
              <value>
                <![CDATA["Calculator Realme"]]>
              </value>
            </param>
          </params>
          <reporter-output>
          </reporter-output>
        </test-method> <!-- runScenario -->
        <test-method is-config="true" signature="tearDownClass()[pri:0, instance:com.calculator2.appium.runners.RunnerTest@692f203f]" started-at="2025-02-15T03:28:42 WIB" name="tearDownClass" finished-at="2025-02-15T03:28:48 WIB" duration-ms="6150" status="PASS">
          <reporter-output>
          </reporter-output>
        </test-method> <!-- tearDownClass -->
      </class> <!-- com.calculator2.appium.runners.RunnerTest -->
    </test> <!-- Calculator Test -->
  </suite> <!-- Calculator Suite Test -->
</testng-results>
