<?xml version="1.0" encoding="UTF-8"?>
<testsuite xmlns:xsi="http://www.w3.org/2001/XMLSchema-instance" xsi:noNamespaceSchemaLocation="https://maven.apache.org/surefire/maven-surefire-plugin/xsd/surefire-test-report-3.0.xsd" version="3.0" name="TestSuite" time="22.123" tests="1" errors="0" skipped="0" failures="0">
  <properties>
[...]
</properties>
  <testcase name="runScenario[&quot;Hitung Penjumlahan Sederhana&quot;, &quot;Calculator Realme&quot;](1)" classname="com.calculator2.appium.runners.RunnerTest" time="7.201">
    <system-out><![CDATA[
Scenario: Hitung Penjumlahan Sederhana  &amp#27;[90m# src/test/resources/features/Calculator.feature:3&amp#27;[0m
  &amp#27;[32mGiven &amp#27;[0m&amp#27;[32msaya menekan tombol clear&amp#27;[0m       &amp#27;[90m# com.calculator2.appium.steps.PenjumlahanSteps.clickButtonClear()&amp#27;[0m
  &amp#27;[32mAnd &amp#27;[0m&amp#27;[32msaya menekan tombol nilai pertama&amp#27;[0m &amp#27;[90m# com.calculator2.appium.steps.PenjumlahanSteps.clickButtonFive()&amp#27;[0m
  &amp#27;[32mAnd &amp#27;[0m&amp#27;[32msaya menekan tombol plus&amp#27;[0m          &amp#27;[90m# com.calculator2.appium.steps.PenjumlahanSteps.clickButtonPlus()&amp#27;[0m
  &amp#27;[32mAnd &amp#27;[0m&amp#27;[32msaya menekan tombol nilai kedua&amp#27;[0m   &amp#27;[90m# com.calculator2.appium.steps.PenjumlahanSteps.clickButtonNine()&amp#27;[0m
  &amp#27;[32mAnd &amp#27;[0m&amp#27;[32msaya menekan tombol sama dengan&amp#27;[0m   &amp#27;[90m# com.calculator2.appium.steps.PenjumlahanSteps.clickButtonEqual()&amp#27;[0m
  &amp#27;[32mThen &amp#27;[0m&amp#27;[32msaya mendapatkan hasil &amp#27;[0m&amp#27;[32m&amp#27;[1m"14"&amp#27;[0m      &amp#27;[90m# com.calculator2.appium.steps.PenjumlahanSteps.getResult(java.lang.String)&amp#27;[0m
]]></system-out>
    <system-err><![CDATA[SLF4J(W): No SLF4J providers were found.
SLF4J(W): Defaulting to no-operation (NOP) logger implementation
SLF4J(W): See https://www.slf4j.org/codes.html#noProviders for further details.
SLF4J(W): Class path contains SLF4J bindings targeting slf4j-api versions 1.7.x or earlier.
SLF4J(W): Ignoring binding found at [jar:file:/C:/Users/ASUS/.m2/repository/org/slf4j/slf4j-simple/1.7.36/slf4j-simple-1.7.36.jar!/org/slf4j/impl/StaticLoggerBinder.class]
SLF4J(W): See https://www.slf4j.org/codes.html#ignoredBindings for an explanation.
]]></system-err>
  </testcase>
</testsuite>